!SESSION 2013-03-08 10:09:05.796 -----------------------------------------------
eclipse.buildId=unknown
java.version=1.7.0_15
java.vendor=Oracle Corporation
BootLoader constants: OS=linux, ARCH=x86, WS=gtk, NL=zh_CN
Command-line arguments:  -dev file:/home/tcz/Github/SNSCrawlerOSGiFramework/.metadata/.plugins/org.eclipse.pde.core/Fetch/dev.properties -os linux -ws gtk -arch x86 -consoleLog -console

!ENTRY tencentWeiboFetchAPIBundle 4 0 2013-03-08 10:09:56.999
!MESSAGE FrameworkEvent ERROR
!STACK 0
org.osgi.framework.BundleException: Exception in crawler.api.fetch.tencentWeiboFetchActivator.start() of bundle tencentWeiboFetchAPIBundle.
	at org.eclipse.osgi.framework.internal.core.BundleContextImpl.startActivator(BundleContextImpl.java:734)
	at org.eclipse.osgi.framework.internal.core.BundleContextImpl.start(BundleContextImpl.java:683)
	at org.eclipse.osgi.framework.internal.core.BundleHost.startWorker(BundleHost.java:381)
	at org.eclipse.osgi.framework.internal.core.AbstractBundle.resume(AbstractBundle.java:390)
	at org.eclipse.osgi.framework.internal.core.Framework.resumeBundle(Framework.java:1176)
	at org.eclipse.osgi.framework.internal.core.StartLevelManager.resumeBundles(StartLevelManager.java:559)
	at org.eclipse.osgi.framework.internal.core.StartLevelManager.resumeBundles(StartLevelManager.java:544)
	at org.eclipse.osgi.framework.internal.core.StartLevelManager.incFWSL(StartLevelManager.java:457)
	at org.eclipse.osgi.framework.internal.core.StartLevelManager.doSetStartLevel(StartLevelManager.java:243)
	at org.eclipse.osgi.framework.internal.core.StartLevelManager.dispatchEvent(StartLevelManager.java:438)
	at org.eclipse.osgi.framework.internal.core.StartLevelManager.dispatchEvent(StartLevelManager.java:1)
	at org.eclipse.osgi.framework.eventmgr.EventManager.dispatchEvent(EventManager.java:230)
	at org.eclipse.osgi.framework.eventmgr.EventManager$EventThread.run(EventManager.java:340)
Caused by: org.scribe.exceptions.OAuthException: Response body is incorrect. Can't extract a token from this: 'errorCode=10006&errorMsg='Authorization code is missing''
	at org.scribe.extractors.TokenExtractor20Impl.extract(TokenExtractor20Impl.java:33)
	at org.scribe.oauth.OAuth20ServiceImpl.getAccessToken(OAuth20ServiceImpl.java:37)
	at crawler.api.service.impl.OAuthimpl.getToken(OAuthimpl.java:56)
	at crawler.api.service.impl.tencentWeiboFriendsIDsFetchServiceImpl.init(tencentWeiboFriendsIDsFetchServiceImpl.java:19)
	at crawler.api.fetch.tencentWeiboFetchActivator.start(tencentWeiboFetchActivator.java:38)
	at org.eclipse.osgi.framework.internal.core.BundleContextImpl$1.run(BundleContextImpl.java:711)
	at java.security.AccessController.doPrivileged(Native Method)
	at org.eclipse.osgi.framework.internal.core.BundleContextImpl.startActivator(BundleContextImpl.java:702)
	... 12 more
Root exception:
org.scribe.exceptions.OAuthException: Response body is incorrect. Can't extract a token from this: 'errorCode=10006&errorMsg='Authorization code is missing''
	at org.scribe.extractors.TokenExtractor20Impl.extract(TokenExtractor20Impl.java:33)
	at org.scribe.oauth.OAuth20ServiceImpl.getAccessToken(OAuth20ServiceImpl.java:37)
	at crawler.api.service.impl.OAuthimpl.getToken(OAuthimpl.java:56)
	at crawler.api.service.impl.tencentWeiboFriendsIDsFetchServiceImpl.init(tencentWeiboFriendsIDsFetchServiceImpl.java:19)
	at crawler.api.fetch.tencentWeiboFetchActivator.start(tencentWeiboFetchActivator.java:38)
	at org.eclipse.osgi.framework.internal.core.BundleContextImpl$1.run(BundleContextImpl.java:711)
	at java.security.AccessController.doPrivileged(Native Method)
	at org.eclipse.osgi.framework.internal.core.BundleContextImpl.startActivator(BundleContextImpl.java:702)
	at org.eclipse.osgi.framework.internal.core.BundleContextImpl.start(BundleContextImpl.java:683)
	at org.eclipse.osgi.framework.internal.core.BundleHost.startWorker(BundleHost.java:381)
	at org.eclipse.osgi.framework.internal.core.AbstractBundle.resume(AbstractBundle.java:390)
	at org.eclipse.osgi.framework.internal.core.Framework.resumeBundle(Framework.java:1176)
	at org.eclipse.osgi.framework.internal.core.StartLevelManager.resumeBundles(StartLevelManager.java:559)
	at org.eclipse.osgi.framework.internal.core.StartLevelManager.resumeBundles(StartLevelManager.java:544)
	at org.eclipse.osgi.framework.internal.core.StartLevelManager.incFWSL(StartLevelManager.java:457)
	at org.eclipse.osgi.framework.internal.core.StartLevelManager.doSetStartLevel(StartLevelManager.java:243)
	at org.eclipse.osgi.framework.internal.core.StartLevelManager.dispatchEvent(StartLevelManager.java:438)
	at org.eclipse.osgi.framework.internal.core.StartLevelManager.dispatchEvent(StartLevelManager.java:1)
	at org.eclipse.osgi.framework.eventmgr.EventManager.dispatchEvent(EventManager.java:230)
	at org.eclipse.osgi.framework.eventmgr.EventManager$EventThread.run(EventManager.java:340)

!ENTRY sinaWeiboFetchAPIBundle 4 0 2013-03-08 10:11:56.596
!MESSAGE FrameworkEvent ERROR
!STACK 0
org.osgi.framework.BundleException: Exception in crawler.api.fetch.sinaWeiboFetchActivator.start() of bundle sinaWeiboFetchAPIBundle.
	at org.eclipse.osgi.framework.internal.core.BundleContextImpl.startActivator(BundleContextImpl.java:734)
	at org.eclipse.osgi.framework.internal.core.BundleContextImpl.start(BundleContextImpl.java:683)
	at org.eclipse.osgi.framework.internal.core.BundleHost.startWorker(BundleHost.java:381)
	at org.eclipse.osgi.framework.internal.core.AbstractBundle.resume(AbstractBundle.java:390)
	at org.eclipse.osgi.framework.internal.core.Framework.resumeBundle(Framework.java:1176)
	at org.eclipse.osgi.framework.internal.core.StartLevelManager.resumeBundles(StartLevelManager.java:559)
	at org.eclipse.osgi.framework.internal.core.StartLevelManager.resumeBundles(StartLevelManager.java:544)
	at org.eclipse.osgi.framework.internal.core.StartLevelManager.incFWSL(StartLevelManager.java:457)
	at org.eclipse.osgi.framework.internal.core.StartLevelManager.doSetStartLevel(StartLevelManager.java:243)
	at org.eclipse.osgi.framework.internal.core.StartLevelManager.dispatchEvent(StartLevelManager.java:438)
	at org.eclipse.osgi.framework.internal.core.StartLevelManager.dispatchEvent(StartLevelManager.java:1)
	at org.eclipse.osgi.framework.eventmgr.EventManager.dispatchEvent(EventManager.java:230)
	at org.eclipse.osgi.framework.eventmgr.EventManager$EventThread.run(EventManager.java:340)
Caused by: org.scribe.exceptions.OAuthException: Cannot extract an acces token. Response was: {"error":"invalid_grant","error_code":21325,"request":"/oauth2/access_token","error_uri":"/oauth2/access_token","error_description":"invalid authorization code:"}
	at org.scribe.extractors.JsonTokenExtractor.extract(JsonTokenExtractor.java:23)
	at org.scribe.oauth.OAuth20ServiceImpl.getAccessToken(OAuth20ServiceImpl.java:37)
	at crawler.api.service.impl.OAuthimpl.getToken(OAuthimpl.java:52)
	at crawler.api.service.impl.sinaWeiboFriendsIDsFetchServiceImpl.init(sinaWeiboFriendsIDsFetchServiceImpl.java:18)
	at crawler.api.fetch.sinaWeiboFetchActivator.start(sinaWeiboFetchActivator.java:38)
	at org.eclipse.osgi.framework.internal.core.BundleContextImpl$1.run(BundleContextImpl.java:711)
	at java.security.AccessController.doPrivileged(Native Method)
	at org.eclipse.osgi.framework.internal.core.BundleContextImpl.startActivator(BundleContextImpl.java:702)
	... 12 more
Root exception:
org.scribe.exceptions.OAuthException: Cannot extract an acces token. Response was: {"error":"invalid_grant","error_code":21325,"request":"/oauth2/access_token","error_uri":"/oauth2/access_token","error_description":"invalid authorization code:"}
	at org.scribe.extractors.JsonTokenExtractor.extract(JsonTokenExtractor.java:23)
	at org.scribe.oauth.OAuth20ServiceImpl.getAccessToken(OAuth20ServiceImpl.java:37)
	at crawler.api.service.impl.OAuthimpl.getToken(OAuthimpl.java:52)
	at crawler.api.service.impl.sinaWeiboFriendsIDsFetchServiceImpl.init(sinaWeiboFriendsIDsFetchServiceImpl.java:18)
	at crawler.api.fetch.sinaWeiboFetchActivator.start(sinaWeiboFetchActivator.java:38)
	at org.eclipse.osgi.framework.internal.core.BundleContextImpl$1.run(BundleContextImpl.java:711)
	at java.security.AccessController.doPrivileged(Native Method)
	at org.eclipse.osgi.framework.internal.core.BundleContextImpl.startActivator(BundleContextImpl.java:702)
	at org.eclipse.osgi.framework.internal.core.BundleContextImpl.start(BundleContextImpl.java:683)
	at org.eclipse.osgi.framework.internal.core.BundleHost.startWorker(BundleHost.java:381)
	at org.eclipse.osgi.framework.internal.core.AbstractBundle.resume(AbstractBundle.java:390)
	at org.eclipse.osgi.framework.internal.core.Framework.resumeBundle(Framework.java:1176)
	at org.eclipse.osgi.framework.internal.core.StartLevelManager.resumeBundles(StartLevelManager.java:559)
	at org.eclipse.osgi.framework.internal.core.StartLevelManager.resumeBundles(StartLevelManager.java:544)
	at org.eclipse.osgi.framework.internal.core.StartLevelManager.incFWSL(StartLevelManager.java:457)
	at org.eclipse.osgi.framework.internal.core.StartLevelManager.doSetStartLevel(StartLevelManager.java:243)
	at org.eclipse.osgi.framework.internal.core.StartLevelManager.dispatchEvent(StartLevelManager.java:438)
	at org.eclipse.osgi.framework.internal.core.StartLevelManager.dispatchEvent(StartLevelManager.java:1)
	at org.eclipse.osgi.framework.eventmgr.EventManager.dispatchEvent(EventManager.java:230)
	at org.eclipse.osgi.framework.eventmgr.EventManager$EventThread.run(EventManager.java:340)

!ENTRY org.eclipse.osgi 4 0 2013-03-08 10:11:56.660
!MESSAGE Bundle sinaWeiboFetchAPIBundle_1.0.0.qualifier [30] is not active.

!ENTRY org.eclipse.osgi 4 0 2013-03-08 10:11:56.660
!MESSAGE Bundle tencentWeiboFetchAPIBundle_1.0.0.qualifier [31] is not active.
